<?xml version="1.0" encoding="UTF-8"?>
<testng-results ignored="0" total="6" passed="6" failed="0" skipped="0">
  <reporter-output>
  </reporter-output>
  <suite started-at="2022-11-08T11:50:57 IST" name="Suite" finished-at="2022-11-08T11:50:57 IST" duration-ms="67">
    <groups>
    </groups>
    <test started-at="2022-11-08T11:50:57 IST" name="Test" finished-at="2022-11-08T11:50:57 IST" duration-ms="67">
      <class name="AMAZON.class3">
        <test-method is-config="true" signature="open1()[pri:0, instance:AMAZON.class3@1d119efb]" started-at="2022-11-08T11:50:57 IST" name="open1" finished-at="2022-11-08T11:50:57 IST" duration-ms="7" status="PASS">
          <reporter-output>
          </reporter-output>
        </test-method> <!-- open1 -->
        <test-method is-config="true" signature="open2()[pri:0, instance:AMAZON.class3@1d119efb]" started-at="2022-11-08T11:50:57 IST" name="open2" finished-at="2022-11-08T11:50:57 IST" duration-ms="0" status="PASS">
          <reporter-output>
          </reporter-output>
        </test-method> <!-- open2 -->
        <test-method is-config="true" signature="open3()[pri:0, instance:AMAZON.class3@1d119efb]" started-at="2022-11-08T11:50:57 IST" name="open3" finished-at="2022-11-08T11:50:57 IST" duration-ms="0" status="PASS">
          <reporter-output>
          </reporter-output>
        </test-method> <!-- open3 -->
        <test-method signature="title1()[pri:2, instance:AMAZON.class3@1d119efb]" started-at="2022-11-08T11:50:57 IST" name="title1" finished-at="2022-11-08T11:50:57 IST" duration-ms="4" status="PASS">
          <reporter-output>
          </reporter-output>
        </test-method> <!-- title1 -->
        <test-method signature="edit1()[pri:3, instance:AMAZON.class3@1d119efb]" started-at="2022-11-08T11:50:57 IST" name="edit1" finished-at="2022-11-08T11:50:57 IST" duration-ms="1" status="PASS">
          <reporter-output>
          </reporter-output>
        </test-method> <!-- edit1 -->
        <test-method signature="title2()[pri:6, instance:AMAZON.class3@1d119efb]" started-at="2022-11-08T11:50:57 IST" name="title2" finished-at="2022-11-08T11:50:57 IST" duration-ms="1" status="PASS">
          <reporter-output>
          </reporter-output>
        </test-method> <!-- title2 -->
        <test-method signature="edit2()[pri:7, instance:AMAZON.class3@1d119efb]" started-at="2022-11-08T11:50:57 IST" name="edit2" finished-at="2022-11-08T11:50:57 IST" duration-ms="1" status="PASS">
          <reporter-output>
          </reporter-output>
        </test-method> <!-- edit2 -->
        <test-method signature="title3()[pri:10, instance:AMAZON.class3@1d119efb]" started-at="2022-11-08T11:50:57 IST" name="title3" finished-at="2022-11-08T11:50:57 IST" duration-ms="1" status="PASS">
          <reporter-output>
          </reporter-output>
        </test-method> <!-- title3 -->
        <test-method signature="edit3()[pri:11, instance:AMAZON.class3@1d119efb]" started-at="2022-11-08T11:50:57 IST" name="edit3" finished-at="2022-11-08T11:50:57 IST" duration-ms="0" status="PASS">
          <reporter-output>
          </reporter-output>
        </test-method> <!-- edit3 -->
        <test-method is-config="true" signature="close3()[pri:0, instance:AMAZON.class3@1d119efb]" started-at="2022-11-08T11:50:57 IST" name="close3" finished-at="2022-11-08T11:50:57 IST" duration-ms="1" status="PASS">
          <reporter-output>
          </reporter-output>
        </test-method> <!-- close3 -->
        <test-method is-config="true" signature="close1()[pri:0, instance:AMAZON.class3@1d119efb]" started-at="2022-11-08T11:50:57 IST" name="close1" finished-at="2022-11-08T11:50:57 IST" duration-ms="0" status="PASS">
          <reporter-output>
          </reporter-output>
        </test-method> <!-- close1 -->
        <test-method is-config="true" signature="close2()[pri:0, instance:AMAZON.class3@1d119efb]" started-at="2022-11-08T11:50:57 IST" name="close2" finished-at="2022-11-08T11:50:57 IST" duration-ms="0" status="PASS">
          <reporter-output>
          </reporter-output>
        </test-method> <!-- close2 -->
      </class> <!-- AMAZON.class3 -->
    </test> <!-- Test -->
  </suite> <!-- Suite -->
</testng-results>
