<?xml version="1.0" encoding="UTF-8"?>
<!-- Generated by org.testng.reporters.JUnitXMLReporter -->
<testsuite ignored="0" hostname="DESKTOP-TLAJPQP" failures="0" tests="4" name="Default test" time="0.06" errors="0" timestamp="2022-11-08T11:44:00 IST">
  <testcase classname="AMAZON.class3" name="open" time="0.01"/>
  <testcase classname="AMAZON.class3" name="title" time="0.001"/>
  <testcase classname="AMAZON.class3" name="edit" time="0.001"/>
  <testcase classname="AMAZON.class3" name="close" time="0.0"/>
</testsuite> <!-- Default test -->
