<?xml version="1.0" encoding="UTF-8"?>
<!-- Generated by org.testng.reporters.JUnitXMLReporter -->
<testsuite ignored="0" hostname="DESKTOP-TLAJPQP" failures="0" tests="6" name="Test" time="0.067" errors="0" timestamp="2022-11-08T11:50:57 IST">
  <testcase classname="AMAZON.class1" name="title1" time="0.004"/>
  <testcase classname="AMAZON.class1" name="edit1" time="0.001"/>
  <testcase classname="AMAZON.class2" name="title2" time="0.001"/>
  <testcase classname="AMAZON.class2" name="edit2" time="0.001"/>
  <testcase classname="AMAZON.class3" name="title3" time="0.001"/>
  <testcase classname="AMAZON.class3" name="edit3" time="0.0"/>
</testsuite> <!-- Test -->
